[2026-03-09 09:35:22] Mulai pengiriman peer-to-peer untuk 4 nomor.
[2026-03-09 09:35:23] OK  6285158663803 → 6285743363803
[2026-03-09 09:35:23] Delay 5 detik...
[2026-03-09 09:35:29] OK  6285158663803 → 6285185021233
[2026-03-09 09:35:29] Delay 8 detik...
[2026-03-09 09:35:37] OK  6285158663803 → 6282220243698
[2026-03-09 09:35:37] Delay 7 detik...
[2026-03-09 09:35:46] OK  6282220243698 → 6285743363803
[2026-03-09 09:35:46] Delay 4 detik...
[2026-03-09 09:35:51] OK  6282220243698 → 6285185021233
[2026-03-09 09:35:51] Delay 6 detik...
[2026-03-09 09:35:59] OK  6282220243698 → 6285158663803
[2026-03-09 09:35:59] Delay 7 detik...
[2026-03-09 09:36:06] ERR 6285743363803 → 6285185021233: {"message":"Device token not found"}
[2026-03-09 09:36:06] Delay 4 detik...
[2026-03-09 09:36:10] ERR 6285743363803 → 6282220243698: {"message":"Device token not found"}
[2026-03-09 09:36:10] Delay 7 detik...
[2026-03-09 09:36:17] ERR 6285743363803 → 6285158663803: {"message":"Device token not found"}
[2026-03-09 09:36:17] Delay 8 detik...
[2026-03-09 09:36:26] OK  6285185021233 → 6285158663803
[2026-03-09 09:36:26] Delay 4 detik...
[2026-03-09 09:36:31] OK  6285185021233 → 6285743363803
[2026-03-09 09:36:31] Delay 7 detik...
[2026-03-09 09:36:39] OK  6285185021233 → 6282220243698
[2026-03-09 09:36:39] Delay 5 detik...
[2026-03-09 09:36:44] Selesai. Terkirim: 9, Gagal: 3.
[2026-03-09 09:36:44] Jadwal pengiriman berikutnya: 2026-03-09 10:14:44 (+38 menit)
